Build started 10/22/2020 10:11:50 PM.
     1>Project "F:\2nd Semester\1.2 SD Lab Project (iGraphics)\iGraphics All (Ali Akber)\iGraphics Project\iGraphics Project\iGraphics Project.vcxproj" on node 2 (build target(s)).
     1>InitializeBuildStatus:
         Creating "Debug\iGraphics Project.unsuccessfulbuild" because "AlwaysCreate" was specified.
       ClCompile:
         C:\Program Files (x86)\Microsoft Visual Studio 10.0\VC\bin\CL.exe /c /ZI /nologo /W3 /WX- /Od /Oy- /D _MBCS /Gm /EHsc /RTC1 /MDd /GS /fp:precise /Zc:wchar_t /Zc:forScope /Fo"Debug\\" /Fd"Debug\vc100.pdb" /Gd /TP /analyze- /errorReport:prompt imagedemo.cpp
         Skipping... (no relevant changes detected)
         imagedemo.cpp
       Link:
         C:\Program Files (x86)\Microsoft Visual Studio 10.0\VC\bin\link.exe /ERRORREPORT:PROMPT /OUT:"F:\2nd Semester\1.2 SD Lab Project (iGraphics)\iGraphics All (Ali Akber)\iGraphics Project\Debug\iGraphics Project.exe" /NOLOGO kernel32.lib user32.lib gdi32.lib winspool.lib comdlg32.lib advapi32.lib shell32.lib ole32.lib oleaut32.lib uuid.lib odbc32.lib odbccp32.lib /MANIFEST /ManifestFile:"Debug\iGraphics Project.exe.intermediate.manifest" /MANIFESTUAC:"level='asInvoker' uiAccess='false'" /DEBUG /PDB:"F:\2nd Semester\1.2 SD Lab Project (iGraphics)\iGraphics All (Ali Akber)\iGraphics Project\Debug\iGraphics Project.pdb" /TLBID:1 /DYNAMICBASE /NXCOMPAT /IMPLIB:"F:\2nd Semester\1.2 SD Lab Project (iGraphics)\iGraphics All (Ali Akber)\iGraphics Project\Debug\iGraphics Project.lib" /MACHINE:X86 Debug\imagedemo.obj
         LINK : F:\2nd Semester\1.2 SD Lab Project (iGraphics)\iGraphics All (Ali Akber)\iGraphics Project\Debug\iGraphics Project.exe not found or not built by the last incremental link; performing full link
         iGraphics Project.vcxproj -> F:\2nd Semester\1.2 SD Lab Project (iGraphics)\iGraphics All (Ali Akber)\iGraphics Project\Debug\iGraphics Project.exe
       Manifest:
         C:\Program Files (x86)\Microsoft SDKs\Windows\v7.0A\bin\mt.exe /nologo /verbose /outputresource:"F:\2nd Semester\1.2 SD Lab Project (iGraphics)\iGraphics All (Ali Akber)\iGraphics Project\Debug\iGraphics Project.exe;#1" /manifest "Debug\iGraphics Project.exe.intermediate.manifest"
       FinalizeBuildStatus:
         Deleting file "Debug\iGraphics Project.unsuccessfulbuild".
         Touching "Debug\iGraphics Project.lastbuildstate".
     1>Done Building Project "F:\2nd Semester\1.2 SD Lab Project (iGraphics)\iGraphics All (Ali Akber)\iGraphics Project\iGraphics Project\iGraphics Project.vcxproj" (build target(s)).

Build succeeded.

Time Elapsed 00:00:06.99
